<?xml version="1.0" encoding="UTF-8"?>
<testsuites name="TestOps" time="11.58" tests="1" failures="0" errors="0">
   <testsuite name="TestOps" tests="1" failures="0" errors="0" time="11.58" skipped="0" timestamp="04-05-2025T11:02:13" hostname="admin - 172.27.176.1" id="Test Suites/TestOps">
      <properties>
         <property name="deviceName" value=""/>
         <property name="devicePlatform"/>
         <property name="logFolder" value="C:\\Users\\admin\\git\\CICD\\Reports\\20250504_110206\\TestOps\\20250504_110207"/>
         <property name="logFiles" value="C:\\Users\\admin\\git\\CICD\\Reports\\20250504_110206\\TestOps\\20250504_110207\\execution0.log"/>
         <property name="attachments" value=""/>
         <property name="hostName" value="admin - 172.27.176.1"/>
         <property name="os" value="Windows 10 64bit"/>
         <property name="katalonVersion" value="10.1.1.0"/>
         <property name="browser" value="Chrome 135.0.7049.115"/>
         <property name="hostAddress" value="172.27.176.1"/>
         <property name="sessionId" value="a98f4014fbadd5ec5bc0632b86dfd7a5"/>
         <property name="seleniumVersion" value="4.22.0"/>
         <property name="proxyInformation" value="ProxyInformation { proxyOption=NO_PROXY, proxyServerType=HTTP, username=, password=********, proxyServerAddress=, proxyServerPort=0, executionList=&quot;&quot;, isApplyToDesiredCapabilities=true }"/>
         <property name="platform" value="Windows 10"/>
      </properties>
      <testcase name="Test Cases/TestOpsIntegration/TestOpsTesting" time="11.47" classname="Test Cases/TestOpsIntegration/TestOpsTesting" status="PASSED">
         <system-out><![CDATA[04-05-2025T11:02:13 - [TEST_CASE][PASSED] - Test Cases/TestOpsIntegration/TestOpsTesting: Test Cases/TestOpsIntegration/TestOpsTesting

04-05-2025T11:02:13 - [TEST_STEP][PASSED] - openBrowser(""): Browser is opened with url: ''

04-05-2025T11:02:13 - [MESSAGE][INFO] - Starting 'Chrome' driver

04-05-2025T11:02:13 - [MESSAGE][INFO] - Action delay is set to 0 milliseconds

04-05-2025T11:02:14 - [MESSAGE][PASSED] - Browser is opened with url: ''

04-05-2025T11:02:14 - [TEST_STEP][PASSED] - navigateToUrl("https://katalon-demo-cura.herokuapp.com/"): Navigate to 'https://katalon-demo-cura.herokuapp.com/' successfully

04-05-2025T11:02:19 - [MESSAGE][PASSED] - Navigate to 'https://katalon-demo-cura.herokuapp.com/' successfully

04-05-2025T11:02:19 - [TEST_STEP][PASSED] - click(findTestObject("Object Repository/TestOpsTesting/Page_CURA Healthcare Service/a_Make Appointment")): Object: 'Object Repository/TestOpsTesting/Page_CURA Healthcare Service/a_Make Appointment' is clicked on

04-05-2025T11:02:20 - [MESSAGE][PASSED] - Object: 'Object Repository/TestOpsTesting/Page_CURA Healthcare Service/a_Make Appointment' is clicked on

04-05-2025T11:02:20 - [TEST_STEP][PASSED] - setText(findTestObject("Object Repository/TestOpsTesting/Page_CURA Healthcare Service/input_Username_username"), "John Doe"): Text 'John Doe' is set on object 'Object Repository/TestOpsTesting/Page_CURA Healthcare Service/input_Username_username'

04-05-2025T11:02:21 - [MESSAGE][PASSED] - Text 'John Doe' is set on object 'Object Repository/TestOpsTesting/Page_CURA Healthcare Service/input_Username_username'

04-05-2025T11:02:21 - [TEST_STEP][PASSED] - setEncryptedText(findTestObject("Object Repository/TestOpsTesting/Page_CURA Healthcare Service/input_Password_password"), "g3/DOGG74jC3Flrr3yH+3D/yKbOqqUNM"): Text ****** has been set on object 'Object Repository/TestOpsTesting/Page_CURA Healthcare Service/input_Password_password'

04-05-2025T11:02:21 - [MESSAGE][PASSED] - Text ****** has been set on object 'Object Repository/TestOpsTesting/Page_CURA Healthcare Service/input_Password_password'

04-05-2025T11:02:21 - [TEST_STEP][PASSED] - click(findTestObject("Object Repository/TestOpsTesting/Page_CURA Healthcare Service/button_Login")): Object: 'Object Repository/TestOpsTesting/Page_CURA Healthcare Service/button_Login' is clicked on

04-05-2025T11:02:22 - [MESSAGE][PASSED] - Object: 'Object Repository/TestOpsTesting/Page_CURA Healthcare Service/button_Login' is clicked on

04-05-2025T11:02:22 - [TEST_STEP][PASSED] - click(findTestObject("Object Repository/TestOpsTesting/Page_CURA Healthcare Service/input_Visit Date (Required)_visit_date")): Object: 'Object Repository/TestOpsTesting/Page_CURA Healthcare Service/input_Visit Date (Required)_visit_date' is clicked on

04-05-2025T11:02:23 - [MESSAGE][PASSED] - Object: 'Object Repository/TestOpsTesting/Page_CURA Healthcare Service/input_Visit Date (Required)_visit_date' is clicked on

04-05-2025T11:02:23 - [TEST_STEP][PASSED] - click(findTestObject("Object Repository/TestOpsTesting/Page_CURA Healthcare Service/td_8")): Object: 'Object Repository/TestOpsTesting/Page_CURA Healthcare Service/td_8' is clicked on

04-05-2025T11:02:23 - [MESSAGE][PASSED] - Object: 'Object Repository/TestOpsTesting/Page_CURA Healthcare Service/td_8' is clicked on

04-05-2025T11:02:23 - [TEST_STEP][PASSED] - setText(findTestObject("Object Repository/TestOpsTesting/Page_CURA Healthcare Service/textarea_Comment_comment"), "Appointment"): Text 'Appointment' is set on object 'Object Repository/TestOpsTesting/Page_CURA Healthcare Service/textarea_Comment_comment'

04-05-2025T11:02:24 - [MESSAGE][PASSED] - Text 'Appointment' is set on object 'Object Repository/TestOpsTesting/Page_CURA Healthcare Service/textarea_Comment_comment'

04-05-2025T11:02:24 - [TEST_STEP][PASSED] - click(findTestObject("Object Repository/TestOpsTesting/Page_CURA Healthcare Service/button_Book Appointment")): Object: 'Object Repository/TestOpsTesting/Page_CURA Healthcare Service/button_Book Appointment' is clicked on

04-05-2025T11:02:24 - [MESSAGE][PASSED] - Object: 'Object Repository/TestOpsTesting/Page_CURA Healthcare Service/button_Book Appointment' is clicked on

04-05-2025T11:02:24 - [TEST_STEP][PASSED] - closeBrowser(): Browser is closed

04-05-2025T11:02:24 - [MESSAGE][PASSED] - Browser is closed]]></system-out>
         <system-err><![CDATA[]]></system-err>
      </testcase>
      <system-out><![CDATA[04-05-2025T11:02:13 - [TEST_SUITE][PASSED] - TestOps: Test Cases/TestOpsIntegration/TestOpsTesting]]></system-out>
      <system-err><![CDATA[]]></system-err>
   </testsuite>
</testsuites>
